<?xml version="1.0" encoding="utf-8"?><testsuite errors="0" failures="0" name="pytest" skips="0" tests="1" time="2.965"><testcase classname="tests.test_Class" file="tests/test_Class.py" line="5" name="test_first_test" time="2.812060832977295"><system-out>
Looking for [chromedriver 79.0.3945.36 linux64] driver in cache 
File found in cache by path [/home/ITRANSITION.CORP/b.serebryakov/.wdm/drivers/chromedriver/79.0.3945.36/linux64/chromedriver]
</system-out></testcase></testsuite>